<?xml version="1.0" encoding="UTF-8"?>
<!-- Generated by org.testng.reporters.JUnitXMLReporter -->
<testsuite hostname="gill" ignored="0" name="Default test" tests="6" failures="0" timestamp="22 Apr 2019 15:27:48 GMT" time="0.078" errors="0">
  <testcase name="a" time="0.016" classname="testNG.priority"/>
  <testcase name="b" time="0.0" classname="testNG.priority"/>
  <testcase name="c" time="0.015" classname="testNG.priority"/>
  <testcase name="e" time="0.0" classname="testNG.priority"/>
  <testcase name="d" time="0.0" classname="testNG.priority"/>
  <testcase name="f" time="0.0" classname="testNG.priority"/>
</testsuite> <!-- Default test -->
