<?xml version="1.0" encoding="UTF-8"?>
<testng-results skipped="0" failed="0" total="1" passed="1">
  <reporter-output>
  </reporter-output>
  <suite name="Default suite" duration-ms="23170" started-at="2019-04-24T09:49:13Z" finished-at="2019-04-24T09:49:36Z">
    <groups>
    </groups>
    <test name="Default test" duration-ms="23170" started-at="2019-04-24T09:49:13Z" finished-at="2019-04-24T09:49:36Z">
      <class name="facebookchild.Child">
        <test-method status="PASS" signature="f()[pri:0, instance:facebookchild.Child@5f375618]" name="f" duration-ms="23149" started-at="2019-04-24T15:19:13Z" finished-at="2019-04-24T15:19:36Z">
          <reporter-output>
          </reporter-output>
        </test-method> <!-- f -->
      </class> <!-- facebookchild.Child -->
    </test> <!-- Default test -->
  </suite> <!-- Default suite -->
</testng-results>
