<?xml version="1.0" encoding="UTF-8"?>
<!-- Generated by org.testng.reporters.JUnitXMLReporter -->
<testsuite hostname="gill" ignored="3" name="Test Annotations" tests="3" failures="0" timestamp="01 Mar 2019 09:13:09 GMT" time="0.064" errors="0">
  <testcase name="a" time="0.015" classname="testNG.priority"/>
  <testcase name="b" time="0.003" classname="testNG.priority"/>
  <testcase name="c" time="0.001" classname="testNG.priority"/>
  <testcase name="f" time="0.0" classname="testNG.priority">
    <ignored/>
  </testcase> <!-- f -->
  <testcase name="e" time="0.0" classname="testNG.priority">
    <ignored/>
  </testcase> <!-- e -->
  <testcase name="d" time="0.0" classname="testNG.priority">
    <ignored/>
  </testcase> <!-- d -->
</testsuite> <!-- Test Annotations -->
