<?xml version="1.0" encoding="UTF-8"?>
<testng-results skipped="0" failed="0" total="1" passed="1">
  <reporter-output>
  </reporter-output>
  <suite name="Default suite" duration-ms="20940" started-at="2019-04-06T18:47:27Z" finished-at="2019-04-06T18:47:48Z">
    <groups>
    </groups>
    <test name="Default test" duration-ms="20940" started-at="2019-04-06T18:47:27Z" finished-at="2019-04-06T18:47:48Z">
      <class name="zoopla_testng_class.Testng_class">
        <test-method status="PASS" signature="launch_browser()[pri:0, instance:zoopla_testng_class.Testng_class@51efea79]" name="launch_browser" is-config="true" duration-ms="11290" started-at="2019-04-07T00:17:27Z" finished-at="2019-04-07T00:17:39Z">
          <reporter-output>
          </reporter-output>
        </test-method> <!-- launch_browser -->
        <test-method status="PASS" signature="submit()[pri:0, instance:zoopla_testng_class.Testng_class@51efea79]" name="submit" duration-ms="9628" started-at="2019-04-07T00:17:39Z" finished-at="2019-04-07T00:17:48Z">
          <reporter-output>
          </reporter-output>
        </test-method> <!-- submit -->
      </class> <!-- zoopla_testng_class.Testng_class -->
    </test> <!-- Default test -->
  </suite> <!-- Default suite -->
</testng-results>
