<?xml version="1.0" encoding="UTF-8"?>
<!-- Generated by org.testng.reporters.JUnitXMLReporter -->
<testsuite hostname="gill" ignored="0" name="priority" tests="6" failures="0" timestamp="04 May 2019 08:01:16 GMT" time="0.065" errors="0">
  <testcase name="a" time="0.014" classname="testNG.priority"/>
  <testcase name="b" time="0.001" classname="testNG.priority"/>
  <testcase name="c" time="0.001" classname="testNG.priority"/>
  <testcase name="e" time="0.001" classname="testNG.priority"/>
  <testcase name="d" time="0.001" classname="testNG.priority"/>
  <testcase name="f" time="0.001" classname="testNG.priority"/>
</testsuite> <!-- priority -->
